<?xml version="1.0" encoding="UTF-8"?>
<testng-results ignored="0" total="1" passed="1" failed="0" skipped="0">
  <reporter-output>
  </reporter-output>
  <suite started-at="2024-05-16T11:05:18 IST" name="Default suite" finished-at="2024-05-16T11:05:33 IST" duration-ms="15105">
    <groups>
    </groups>
    <test started-at="2024-05-16T11:05:18 IST" name="Default test" finished-at="2024-05-16T11:05:33 IST" duration-ms="15105">
      <class name="Practice.Testng.SampleTestForScreenShot">
        <test-method signature="amazonTest()[pri:0, instance:Practice.Testng.SampleTestForScreenShot@4310d43]" started-at="2024-05-16T11:05:18 IST" name="amazonTest" finished-at="2024-05-16T11:05:33 IST" duration-ms="15049" status="PASS">
          <reporter-output>
          </reporter-output>
        </test-method> <!-- amazonTest -->
      </class> <!-- Practice.Testng.SampleTestForScreenShot -->
    </test> <!-- Default test -->
  </suite> <!-- Default suite -->
</testng-results>
